20220411-14:02:43: Session FIX.4.4:SERVER->CLIENT55559 schedule is daily, 00:00:00-UTC - 00:00:00-UTC
20220411-14:02:43: Created session: FIX.4.4:SERVER->CLIENT55559
20220418-12:53:02: Session FIX.4.4:SERVER->CLIENT55559 schedule is daily, 00:00:00-UTC - 00:00:00-UTC
20220418-12:53:02: Created session: FIX.4.4:SERVER->CLIENT55559
20220418-12:54:01: Session FIX.4.4:SERVER->CLIENT55559 schedule is daily, 00:00:00-UTC - 00:00:00-UTC
20220418-12:54:01: Created session: FIX.4.4:SERVER->CLIENT55559
20220418-13:37:16: Session FIX.4.4:SERVER->CLIENT55559 schedule is daily, 00:00:00-UTC - 00:00:00-UTC
20220418-13:37:16: Created session: FIX.4.4:SERVER->CLIENT55559
20220418-13:39:20: Session FIX.4.4:SERVER->CLIENT55559 schedule is daily, 00:00:00-UTC - 00:00:00-UTC
20220418-13:39:20: Created session: FIX.4.4:SERVER->CLIENT55559
20220419-08:36:08: Session FIX.4.4:SERVER->CLIENT55559 schedule is daily, 00:00:00-UTC - 00:00:00-UTC
20220419-08:36:08: Session state is not current; resetting FIX.4.4:SERVER->CLIENT55559
20220419-08:36:08: Created session: FIX.4.4:SERVER->CLIENT55559
20220419-09:15:01: Session FIX.4.4:SERVER->CLIENT55559 schedule is daily, 00:00:00-UTC - 00:00:00-UTC
20220419-09:15:01: Created session: FIX.4.4:SERVER->CLIENT55559
20220419-14:05:40: Session FIX.4.4:SERVER->CLIENT55559 schedule is daily, 00:00:00-UTC - 00:00:00-UTC
20220419-14:05:40: Created session: FIX.4.4:SERVER->CLIENT55559
20220419-14:07:39: Session FIX.4.4:SERVER->CLIENT55559 schedule is daily, 00:00:00-UTC - 00:00:00-UTC
20220419-14:07:39: Created session: FIX.4.4:SERVER->CLIENT55559
20220419-14:08:07: Session FIX.4.4:SERVER->CLIENT55559 schedule is daily, 00:00:00-UTC - 00:00:00-UTC
20220419-14:08:07: Created session: FIX.4.4:SERVER->CLIENT55559
20220419-14:31:24: Accepting session FIX.4.4:SERVER->CLIENT55559 from /127.0.0.1:62723
20220419-14:31:24: Acceptor heartbeat set to 30 seconds
20220419-14:31:24: Received logon
20220419-14:31:24: Responding to Logon request
20220419-14:31:24: Disconnecting: Encountered END_OF_STREAM
20220419-14:31:55: Accepting session FIX.4.4:SERVER->CLIENT55559 from /127.0.0.1:62746
20220419-14:31:55: Acceptor heartbeat set to 30 seconds
20220419-14:31:55: Logon contains ResetSeqNumFlag=Y, resetting sequence numbers to 1
20220419-14:31:55: Received logon
20220419-14:31:55: Responding to Logon request
20220419-15:28:03: Session FIX.4.4:SERVER->CLIENT55559 schedule is daily, 00:00:00-UTC - 00:00:00-UTC
20220419-15:28:03: Created session: FIX.4.4:SERVER->CLIENT55559
20220419-15:28:29: Accepting session FIX.4.4:SERVER->CLIENT55559 from /127.0.0.1:58981
20220419-15:28:29: Acceptor heartbeat set to 30 seconds
20220419-15:28:29: Received logon
20220419-15:28:29: Responding to Logon request
20220419-15:28:29: Disconnecting: Encountered END_OF_STREAM
20220419-15:29:00: Accepting session FIX.4.4:SERVER->CLIENT55559 from /127.0.0.1:59003
20220419-15:29:00: Acceptor heartbeat set to 30 seconds
20220419-15:29:00: Logon contains ResetSeqNumFlag=Y, resetting sequence numbers to 1
20220419-15:29:00: Received logon
20220419-15:29:00: Responding to Logon request
20220419-15:34:24: Received logout request
20220419-15:34:24: Sent logout response
20220419-15:34:24: Disconnecting: Received logout request
20220419-15:37:07: Session FIX.4.4:SERVER->CLIENT55559 schedule is daily, 00:00:00-UTC - 00:00:00-UTC
20220419-15:37:07: Created session: FIX.4.4:SERVER->CLIENT55559
20220419-15:37:24: Accepting session FIX.4.4:SERVER->CLIENT55559 from /127.0.0.1:59147
20220419-15:37:24: Acceptor heartbeat set to 30 seconds
20220419-15:37:24: Received logon
20220419-15:37:24: Responding to Logon request
20220419-15:37:24: Disconnecting: Encountered END_OF_STREAM
20220419-15:37:55: Accepting session FIX.4.4:SERVER->CLIENT55559 from /127.0.0.1:59169
20220419-15:37:55: Acceptor heartbeat set to 30 seconds
20220419-15:37:55: Logon contains ResetSeqNumFlag=Y, resetting sequence numbers to 1
20220419-15:37:55: Received logon
20220419-15:37:55: Responding to Logon request
20220419-15:40:28: Received logout request
20220419-15:40:28: Sent logout response
20220419-15:40:28: Disconnecting: Received logout request
